<?xml version="1.0" encoding="UTF-8"?>
<coverage generated="1626116614853" clover="3.2.0">
  <project timestamp="1626116614854" name="All files">
    <metrics statements="53" coveredstatements="20" conditionals="24" coveredconditionals="12" methods="33" coveredmethods="7" elements="110" coveredelements="39" complexity="0" loc="53" ncloc="53" packages="4" files="14" classes="14"/>
    <package name="components">
      <metrics statements="18" coveredstatements="12" conditionals="0" coveredconditionals="0" methods="9" coveredmethods="3"/>
      <file name="Button.js" path="/Users/luis.fin/Desktop/The-New-York-Times-App/src/components/Button.js">
        <metrics statements="2" coveredstatements="2" conditionals="0" coveredconditionals="0" methods="1" coveredmethods="1"/>
        <line num="5" count="1" type="stmt"/>
        <line num="6" count="2" type="stmt"/>
      </file>
      <file name="Images.js" path="/Users/luis.fin/Desktop/The-New-York-Times-App/src/components/Images.js">
        <metrics statements="4" coveredstatements="2" conditionals="0" coveredconditionals="0" methods="2" coveredmethods="0"/>
        <line num="4" count="1" type="stmt"/>
        <line num="5" count="0" type="stmt"/>
        <line num="14" count="1" type="stmt"/>
        <line num="15" count="0" type="stmt"/>
      </file>
      <file name="ItemList.js" path="/Users/luis.fin/Desktop/The-New-York-Times-App/src/components/ItemList.js">
        <metrics statements="2" coveredstatements="1" conditionals="0" coveredconditionals="0" methods="1" coveredmethods="0"/>
        <line num="6" count="1" type="stmt"/>
        <line num="7" count="0" type="stmt"/>
      </file>
      <file name="Modal.js" path="/Users/luis.fin/Desktop/The-New-York-Times-App/src/components/Modal.js">
        <metrics statements="6" coveredstatements="3" conditionals="0" coveredconditionals="0" methods="3" coveredmethods="0"/>
        <line num="6" count="1" type="stmt"/>
        <line num="7" count="0" type="stmt"/>
        <line num="24" count="1" type="stmt"/>
        <line num="25" count="0" type="stmt"/>
        <line num="42" count="1" type="stmt"/>
        <line num="44" count="0" type="stmt"/>
      </file>
      <file name="StatusBar.js" path="/Users/luis.fin/Desktop/The-New-York-Times-App/src/components/StatusBar.js">
        <metrics statements="2" coveredstatements="2" conditionals="0" coveredconditionals="0" methods="1" coveredmethods="1"/>
        <line num="5" count="1" type="stmt"/>
        <line num="6" count="2" type="stmt"/>
      </file>
      <file name="Texts.js" path="/Users/luis.fin/Desktop/The-New-York-Times-App/src/components/Texts.js">
        <metrics statements="2" coveredstatements="2" conditionals="0" coveredconditionals="0" methods="1" coveredmethods="1"/>
        <line num="5" count="1" type="stmt"/>
        <line num="6" count="2" type="stmt"/>
      </file>
      <file name="index.js" path="/Users/luis.fin/Desktop/The-New-York-Times-App/src/components/index.js">
        <metrics statements="0" coveredstatements="0" conditionals="0" coveredconditionals="0" methods="0" coveredmethods="0"/>
      </file>
    </package>
    <package name="navigators">
      <metrics statements="5" coveredstatements="0" conditionals="4" coveredconditionals="0" methods="4" coveredmethods="0"/>
      <file name="TabNavigator.js" path="/Users/luis.fin/Desktop/The-New-York-Times-App/src/navigators/TabNavigator.js">
        <metrics statements="5" coveredstatements="0" conditionals="4" coveredconditionals="0" methods="4" coveredmethods="0"/>
        <line num="7" count="0" type="stmt"/>
        <line num="10" count="0" type="stmt"/>
        <line num="12" count="0" type="cond" truecount="0" falsecount="2"/>
        <line num="18" count="0" type="stmt"/>
        <line num="20" count="0" type="cond" truecount="0" falsecount="2"/>
      </file>
    </package>
    <package name="others">
      <metrics statements="2" coveredstatements="2" conditionals="0" coveredconditionals="0" methods="0" coveredmethods="0"/>
      <file name="Colors.js" path="/Users/luis.fin/Desktop/The-New-York-Times-App/src/others/Colors.js">
        <metrics statements="1" coveredstatements="1" conditionals="0" coveredconditionals="0" methods="0" coveredmethods="0"/>
        <line num="1" count="1" type="stmt"/>
      </file>
      <file name="Labels.js" path="/Users/luis.fin/Desktop/The-New-York-Times-App/src/others/Labels.js">
        <metrics statements="1" coveredstatements="1" conditionals="0" coveredconditionals="0" methods="0" coveredmethods="0"/>
        <line num="1" count="1" type="stmt"/>
      </file>
      <file name="index.js" path="/Users/luis.fin/Desktop/The-New-York-Times-App/src/others/index.js">
        <metrics statements="0" coveredstatements="0" conditionals="0" coveredconditionals="0" methods="0" coveredmethods="0"/>
      </file>
    </package>
    <package name="screens">
      <metrics statements="28" coveredstatements="6" conditionals="20" coveredconditionals="12" methods="20" coveredmethods="4"/>
      <file name="ScienceScreen.js" path="/Users/luis.fin/Desktop/The-New-York-Times-App/src/screens/ScienceScreen.js">
        <metrics statements="14" coveredstatements="3" conditionals="10" coveredconditionals="6" methods="10" coveredmethods="2"/>
        <line num="9" count="1" type="stmt"/>
        <line num="10" count="1" type="stmt"/>
        <line num="23" count="0" type="stmt"/>
        <line num="24" count="0" type="stmt"/>
        <line num="25" count="0" type="stmt"/>
        <line num="26" count="0" type="stmt"/>
        <line num="29" count="0" type="stmt"/>
        <line num="34" count="0" type="stmt"/>
        <line num="38" count="1" type="stmt"/>
        <line num="43" count="0" type="stmt"/>
        <line num="52" count="0" type="stmt"/>
        <line num="53" count="0" type="stmt"/>
        <line num="61" count="0" type="stmt"/>
        <line num="64" count="0" type="stmt"/>
      </file>
      <file name="TechnologyScreen.js" path="/Users/luis.fin/Desktop/The-New-York-Times-App/src/screens/TechnologyScreen.js">
        <metrics statements="14" coveredstatements="3" conditionals="10" coveredconditionals="6" methods="10" coveredmethods="2"/>
        <line num="9" count="1" type="stmt"/>
        <line num="10" count="1" type="stmt"/>
        <line num="23" count="0" type="stmt"/>
        <line num="24" count="0" type="stmt"/>
        <line num="25" count="0" type="stmt"/>
        <line num="26" count="0" type="stmt"/>
        <line num="29" count="0" type="stmt"/>
        <line num="34" count="0" type="stmt"/>
        <line num="38" count="1" type="stmt"/>
        <line num="43" count="0" type="stmt"/>
        <line num="52" count="0" type="stmt"/>
        <line num="53" count="0" type="stmt"/>
        <line num="61" count="0" type="stmt"/>
        <line num="64" count="0" type="stmt"/>
      </file>
      <file name="index.js" path="/Users/luis.fin/Desktop/The-New-York-Times-App/src/screens/index.js">
        <metrics statements="0" coveredstatements="0" conditionals="0" coveredconditionals="0" methods="0" coveredmethods="0"/>
      </file>
    </package>
  </project>
</coverage>
