{"/Users/luis.fin/Desktop/The-New-York-Times-App/src/components/Button.js": {"path":"/Users/luis.fin/Desktop/The-New-York-Times-App/src/components/Button.js","statementMap":{"0":{"start":{"line":5,"column":21},"end":{"line":9,"column":1}},"1":{"start":{"line":6,"column":2},"end":{"line":8,"column":21}}},"fnMap":{"0":{"name":"(anonymous_0)","decl":{"start":{"line":5,"column":21},"end":{"line":5,"column":22}},"loc":{"start":{"line":6,"column":2},"end":{"line":8,"column":21}},"line":6}},"branchMap":{},"s":{"0":1,"1":2},"f":{"0":2},"b":{},"_coverageSchema":"1a1c01bbd47fc00a2c39e90264f33305004495a9","hash":"64d0bdbdf877f0c2ccf0514b5b0e8a99c53383f0"}
,"/Users/luis.fin/Desktop/The-New-York-Times-App/src/components/Images.js": {"path":"/Users/luis.fin/Desktop/The-New-York-Times-App/src/components/Images.js","statementMap":{"0":{"start":{"line":4,"column":22},"end":{"line":12,"column":1}},"1":{"start":{"line":5,"column":2},"end":{"line":11,"column":4}},"2":{"start":{"line":14,"column":23},"end":{"line":21,"column":1}},"3":{"start":{"line":15,"column":2},"end":{"line":20,"column":4}}},"fnMap":{"0":{"name":"(anonymous_0)","decl":{"start":{"line":4,"column":22},"end":{"line":4,"column":23}},"loc":{"start":{"line":5,"column":2},"end":{"line":11,"column":4}},"line":5},"1":{"name":"(anonymous_1)","decl":{"start":{"line":14,"column":23},"end":{"line":14,"column":24}},"loc":{"start":{"line":15,"column":2},"end":{"line":20,"column":4}},"line":15}},"branchMap":{},"s":{"0":1,"1":0,"2":1,"3":0},"f":{"0":0,"1":0},"b":{},"_coverageSchema":"1a1c01bbd47fc00a2c39e90264f33305004495a9","hash":"64ddd9a62dba877847272d4035d7006cefe63f8e"}
,"/Users/luis.fin/Desktop/The-New-York-Times-App/src/components/ItemList.js": {"path":"/Users/luis.fin/Desktop/The-New-York-Times-App/src/components/ItemList.js","statementMap":{"0":{"start":{"line":6,"column":17},"end":{"line":17,"column":1}},"1":{"start":{"line":7,"column":2},"end":{"line":16,"column":21}}},"fnMap":{"0":{"name":"(anonymous_0)","decl":{"start":{"line":6,"column":17},"end":{"line":6,"column":18}},"loc":{"start":{"line":7,"column":2},"end":{"line":16,"column":21}},"line":7}},"branchMap":{},"s":{"0":1,"1":0},"f":{"0":0},"b":{},"_coverageSchema":"1a1c01bbd47fc00a2c39e90264f33305004495a9","hash":"f50ff2e5df8fad02e7ae88c89d955ed7434e11cd"}
,"/Users/luis.fin/Desktop/The-New-York-Times-App/src/components/Modal.js": {"path":"/Users/luis.fin/Desktop/The-New-York-Times-App/src/components/Modal.js","statementMap":{"0":{"start":{"line":6,"column":21},"end":{"line":22,"column":1}},"1":{"start":{"line":7,"column":2},"end":{"line":21,"column":10}},"2":{"start":{"line":24,"column":19},"end":{"line":40,"column":1}},"3":{"start":{"line":25,"column":2},"end":{"line":39,"column":10}},"4":{"start":{"line":42,"column":18},"end":{"line":68,"column":1}},"5":{"start":{"line":44,"column":2},"end":{"line":67,"column":10}}},"fnMap":{"0":{"name":"(anonymous_0)","decl":{"start":{"line":6,"column":21},"end":{"line":6,"column":22}},"loc":{"start":{"line":7,"column":2},"end":{"line":21,"column":10}},"line":7},"1":{"name":"(anonymous_1)","decl":{"start":{"line":24,"column":19},"end":{"line":24,"column":20}},"loc":{"start":{"line":25,"column":2},"end":{"line":39,"column":10}},"line":25},"2":{"name":"(anonymous_2)","decl":{"start":{"line":42,"column":18},"end":{"line":42,"column":19}},"loc":{"start":{"line":44,"column":2},"end":{"line":67,"column":10}},"line":44}},"branchMap":{},"s":{"0":1,"1":0,"2":1,"3":0,"4":1,"5":0},"f":{"0":0,"1":0,"2":0},"b":{},"_coverageSchema":"1a1c01bbd47fc00a2c39e90264f33305004495a9","hash":"4aa8923848eba509bfd2f09fcb73df4440618cf3"}
,"/Users/luis.fin/Desktop/The-New-York-Times-App/src/components/StatusBar.js": {"path":"/Users/luis.fin/Desktop/The-New-York-Times-App/src/components/StatusBar.js","statementMap":{"0":{"start":{"line":5,"column":22},"end":{"line":7,"column":1}},"1":{"start":{"line":6,"column":2},"end":{"line":6,"column":80}}},"fnMap":{"0":{"name":"(anonymous_0)","decl":{"start":{"line":5,"column":22},"end":{"line":5,"column":23}},"loc":{"start":{"line":6,"column":2},"end":{"line":6,"column":80}},"line":6}},"branchMap":{},"s":{"0":1,"1":2},"f":{"0":2},"b":{},"_coverageSchema":"1a1c01bbd47fc00a2c39e90264f33305004495a9","hash":"c889446a47df2524d583859652bb176921eb4707"}
,"/Users/luis.fin/Desktop/The-New-York-Times-App/src/components/Texts.js": {"path":"/Users/luis.fin/Desktop/The-New-York-Times-App/src/components/Texts.js","statementMap":{"0":{"start":{"line":5,"column":25},"end":{"line":9,"column":1}},"1":{"start":{"line":6,"column":2},"end":{"line":8,"column":9}}},"fnMap":{"0":{"name":"(anonymous_0)","decl":{"start":{"line":5,"column":25},"end":{"line":5,"column":26}},"loc":{"start":{"line":6,"column":2},"end":{"line":8,"column":9}},"line":6}},"branchMap":{},"s":{"0":1,"1":2},"f":{"0":2},"b":{},"_coverageSchema":"1a1c01bbd47fc00a2c39e90264f33305004495a9","hash":"d423d1946cf032dca5e44774b4f909c3dd820cdc"}
,"/Users/luis.fin/Desktop/The-New-York-Times-App/src/components/index.js": {"path":"/Users/luis.fin/Desktop/The-New-York-Times-App/src/components/index.js","statementMap":{},"fnMap":{},"branchMap":{},"s":{},"f":{},"b":{},"_coverageSchema":"1a1c01bbd47fc00a2c39e90264f33305004495a9","hash":"b0b5a3214f8fccf0344c64670ec00029ef9ff6eb"}
,"/Users/luis.fin/Desktop/The-New-York-Times-App/src/navigators/TabNavigator.js": {"path":"/Users/luis.fin/Desktop/The-New-York-Times-App/src/navigators/TabNavigator.js","statementMap":{"0":{"start":{"line":7,"column":21},"end":{"line":32,"column":2}},"1":{"start":{"line":10,"column":30},"end":{"line":14,"column":5}},"2":{"start":{"line":12,"column":8},"end":{"line":12,"column":160}},"3":{"start":{"line":18,"column":30},"end":{"line":22,"column":5}},"4":{"start":{"line":20,"column":8},"end":{"line":20,"column":154}}},"fnMap":{"0":{"name":"(anonymous_0)","decl":{"start":{"line":10,"column":23},"end":{"line":10,"column":24}},"loc":{"start":{"line":10,"column":30},"end":{"line":14,"column":5}},"line":10},"1":{"name":"(anonymous_1)","decl":{"start":{"line":11,"column":18},"end":{"line":11,"column":19}},"loc":{"start":{"line":12,"column":8},"end":{"line":12,"column":160}},"line":12},"2":{"name":"(anonymous_2)","decl":{"start":{"line":18,"column":23},"end":{"line":18,"column":24}},"loc":{"start":{"line":18,"column":30},"end":{"line":22,"column":5}},"line":18},"3":{"name":"(anonymous_3)","decl":{"start":{"line":19,"column":18},"end":{"line":19,"column":19}},"loc":{"start":{"line":20,"column":8},"end":{"line":20,"column":154}},"line":20}},"branchMap":{"0":{"loc":{"start":{"line":12,"column":23},"end":{"line":12,"column":122}},"type":"cond-expr","locations":[{"start":{"line":12,"column":33},"end":{"line":12,"column":80}},{"start":{"line":12,"column":83},"end":{"line":12,"column":122}}],"line":12},"1":{"loc":{"start":{"line":20,"column":23},"end":{"line":20,"column":116}},"type":"cond-expr","locations":[{"start":{"line":20,"column":33},"end":{"line":20,"column":77}},{"start":{"line":20,"column":80},"end":{"line":20,"column":116}}],"line":20}},"s":{"0":0,"1":0,"2":0,"3":0,"4":0},"f":{"0":0,"1":0,"2":0,"3":0},"b":{"0":[0,0],"1":[0,0]}}
,"/Users/luis.fin/Desktop/The-New-York-Times-App/src/others/Colors.js": {"path":"/Users/luis.fin/Desktop/The-New-York-Times-App/src/others/Colors.js","statementMap":{"0":{"start":{"line":1,"column":15},"end":{"line":8,"column":1}}},"fnMap":{},"branchMap":{},"s":{"0":1},"f":{},"b":{},"_coverageSchema":"1a1c01bbd47fc00a2c39e90264f33305004495a9","hash":"b2eeb2cea62fcf4fdf772b36f6282e410a135643"}
,"/Users/luis.fin/Desktop/The-New-York-Times-App/src/others/Labels.js": {"path":"/Users/luis.fin/Desktop/The-New-York-Times-App/src/others/Labels.js","statementMap":{"0":{"start":{"line":1,"column":15},"end":{"line":10,"column":1}}},"fnMap":{},"branchMap":{},"s":{"0":1},"f":{},"b":{},"_coverageSchema":"1a1c01bbd47fc00a2c39e90264f33305004495a9","hash":"9365094acff04b58d5764d570fc770c7d6dea36d"}
,"/Users/luis.fin/Desktop/The-New-York-Times-App/src/others/index.js": {"path":"/Users/luis.fin/Desktop/The-New-York-Times-App/src/others/index.js","statementMap":{},"fnMap":{},"branchMap":{},"s":{},"f":{},"b":{},"_coverageSchema":"1a1c01bbd47fc00a2c39e90264f33305004495a9","hash":"3fb082dc1fde5d19f6198ee870210501e88822eb"}
,"/Users/luis.fin/Desktop/The-New-York-Times-App/src/screens/ScienceScreen.js": {"path":"/Users/luis.fin/Desktop/The-New-York-Times-App/src/screens/ScienceScreen.js","statementMap":{"0":{"start":{"line":9,"column":4},"end":{"line":9,"column":17}},"1":{"start":{"line":10,"column":4},"end":{"line":19,"column":6}},"2":{"start":{"line":23,"column":4},"end":{"line":23,"column":74}},"3":{"start":{"line":24,"column":4},"end":{"line":30,"column":5}},"4":{"start":{"line":25,"column":23},"end":{"line":25,"column":57}},"5":{"start":{"line":26,"column":6},"end":{"line":26,"column":104}},"6":{"start":{"line":29,"column":6},"end":{"line":29,"column":105}},"7":{"start":{"line":34,"column":4},"end":{"line":34,"column":63}},"8":{"start":{"line":38,"column":4},"end":{"line":67,"column":6}},"9":{"start":{"line":43,"column":37},"end":{"line":43,"column":51}},"10":{"start":{"line":52,"column":40},"end":{"line":52,"column":118}},"11":{"start":{"line":52,"column":77},"end":{"line":52,"column":114}},"12":{"start":{"line":53,"column":36},"end":{"line":53,"column":44}},"13":{"start":{"line":61,"column":79},"end":{"line":61,"column":146}},"14":{"start":{"line":64,"column":77},"end":{"line":64,"column":119}}},"fnMap":{"0":{"name":"(anonymous_0)","decl":{"start":{"line":8,"column":2},"end":{"line":8,"column":3}},"loc":{"start":{"line":8,"column":21},"end":{"line":20,"column":3}},"line":8},"1":{"name":"(anonymous_1)","decl":{"start":{"line":22,"column":2},"end":{"line":22,"column":3}},"loc":{"start":{"line":22,"column":18},"end":{"line":31,"column":3}},"line":22},"2":{"name":"(anonymous_2)","decl":{"start":{"line":33,"column":2},"end":{"line":33,"column":3}},"loc":{"start":{"line":33,"column":35},"end":{"line":35,"column":3}},"line":33},"3":{"name":"(anonymous_3)","decl":{"start":{"line":37,"column":2},"end":{"line":37,"column":3}},"loc":{"start":{"line":37,"column":11},"end":{"line":68,"column":3}},"line":37},"4":{"name":"(anonymous_4)","decl":{"start":{"line":43,"column":31},"end":{"line":43,"column":32}},"loc":{"start":{"line":43,"column":37},"end":{"line":43,"column":51}},"line":43},"5":{"name":"(anonymous_5)","decl":{"start":{"line":52,"column":26},"end":{"line":52,"column":27}},"loc":{"start":{"line":52,"column":40},"end":{"line":52,"column":118}},"line":52},"6":{"name":"(anonymous_6)","decl":{"start":{"line":52,"column":71},"end":{"line":52,"column":72}},"loc":{"start":{"line":52,"column":77},"end":{"line":52,"column":114}},"line":52},"7":{"name":"(anonymous_7)","decl":{"start":{"line":53,"column":28},"end":{"line":53,"column":29}},"loc":{"start":{"line":53,"column":36},"end":{"line":53,"column":44}},"line":53},"8":{"name":"(anonymous_8)","decl":{"start":{"line":61,"column":73},"end":{"line":61,"column":74}},"loc":{"start":{"line":61,"column":79},"end":{"line":61,"column":146}},"line":61},"9":{"name":"(anonymous_9)","decl":{"start":{"line":64,"column":71},"end":{"line":64,"column":72}},"loc":{"start":{"line":64,"column":77},"end":{"line":64,"column":119}},"line":64}},"branchMap":{"0":{"loc":{"start":{"line":45,"column":9},"end":{"line":46,"column":33}},"type":"binary-expr","locations":[{"start":{"line":45,"column":9},"end":{"line":45,"column":36}},{"start":{"line":46,"column":13},"end":{"line":46,"column":33}}],"line":45},"1":{"loc":{"start":{"line":48,"column":9},"end":{"line":55,"column":11}},"type":"binary-expr","locations":[{"start":{"line":48,"column":9},"end":{"line":48,"column":35}},{"start":{"line":50,"column":12},"end":{"line":54,"column":14}}],"line":48},"2":{"loc":{"start":{"line":57,"column":9},"end":{"line":58,"column":70}},"type":"binary-expr","locations":[{"start":{"line":57,"column":9},"end":{"line":57,"column":39}},{"start":{"line":58,"column":13},"end":{"line":58,"column":70}}],"line":57},"3":{"loc":{"start":{"line":60,"column":9},"end":{"line":61,"column":178}},"type":"binary-expr","locations":[{"start":{"line":60,"column":9},"end":{"line":60,"column":37}},{"start":{"line":61,"column":13},"end":{"line":61,"column":178}}],"line":60},"4":{"loc":{"start":{"line":63,"column":9},"end":{"line":64,"column":151}},"type":"binary-expr","locations":[{"start":{"line":63,"column":9},"end":{"line":63,"column":36}},{"start":{"line":64,"column":13},"end":{"line":64,"column":151}}],"line":63}},"s":{"0":1,"1":1,"2":0,"3":0,"4":0,"5":0,"6":0,"7":0,"8":1,"9":0,"10":0,"11":0,"12":0,"13":0,"14":0},"f":{"0":1,"1":0,"2":0,"3":1,"4":0,"5":0,"6":0,"7":0,"8":0,"9":0},"b":{"0":[1,1],"1":[1,0],"2":[1,0],"3":[1,0],"4":[1,0]},"_coverageSchema":"1a1c01bbd47fc00a2c39e90264f33305004495a9","hash":"d93b4d163392acf3540a96fb468746efe8631eac"}
,"/Users/luis.fin/Desktop/The-New-York-Times-App/src/screens/TechnologyScreen.js": {"path":"/Users/luis.fin/Desktop/The-New-York-Times-App/src/screens/TechnologyScreen.js","statementMap":{"0":{"start":{"line":9,"column":4},"end":{"line":9,"column":17}},"1":{"start":{"line":10,"column":4},"end":{"line":19,"column":6}},"2":{"start":{"line":23,"column":4},"end":{"line":23,"column":74}},"3":{"start":{"line":24,"column":4},"end":{"line":30,"column":5}},"4":{"start":{"line":25,"column":23},"end":{"line":25,"column":60}},"5":{"start":{"line":26,"column":6},"end":{"line":26,"column":104}},"6":{"start":{"line":29,"column":6},"end":{"line":29,"column":105}},"7":{"start":{"line":34,"column":4},"end":{"line":34,"column":63}},"8":{"start":{"line":38,"column":4},"end":{"line":67,"column":6}},"9":{"start":{"line":43,"column":37},"end":{"line":43,"column":51}},"10":{"start":{"line":52,"column":40},"end":{"line":52,"column":118}},"11":{"start":{"line":52,"column":77},"end":{"line":52,"column":114}},"12":{"start":{"line":53,"column":36},"end":{"line":53,"column":44}},"13":{"start":{"line":61,"column":79},"end":{"line":61,"column":146}},"14":{"start":{"line":64,"column":77},"end":{"line":64,"column":119}}},"fnMap":{"0":{"name":"(anonymous_0)","decl":{"start":{"line":8,"column":2},"end":{"line":8,"column":3}},"loc":{"start":{"line":8,"column":21},"end":{"line":20,"column":3}},"line":8},"1":{"name":"(anonymous_1)","decl":{"start":{"line":22,"column":2},"end":{"line":22,"column":3}},"loc":{"start":{"line":22,"column":18},"end":{"line":31,"column":3}},"line":22},"2":{"name":"(anonymous_2)","decl":{"start":{"line":33,"column":2},"end":{"line":33,"column":3}},"loc":{"start":{"line":33,"column":35},"end":{"line":35,"column":3}},"line":33},"3":{"name":"(anonymous_3)","decl":{"start":{"line":37,"column":2},"end":{"line":37,"column":3}},"loc":{"start":{"line":37,"column":11},"end":{"line":68,"column":3}},"line":37},"4":{"name":"(anonymous_4)","decl":{"start":{"line":43,"column":31},"end":{"line":43,"column":32}},"loc":{"start":{"line":43,"column":37},"end":{"line":43,"column":51}},"line":43},"5":{"name":"(anonymous_5)","decl":{"start":{"line":52,"column":26},"end":{"line":52,"column":27}},"loc":{"start":{"line":52,"column":40},"end":{"line":52,"column":118}},"line":52},"6":{"name":"(anonymous_6)","decl":{"start":{"line":52,"column":71},"end":{"line":52,"column":72}},"loc":{"start":{"line":52,"column":77},"end":{"line":52,"column":114}},"line":52},"7":{"name":"(anonymous_7)","decl":{"start":{"line":53,"column":28},"end":{"line":53,"column":29}},"loc":{"start":{"line":53,"column":36},"end":{"line":53,"column":44}},"line":53},"8":{"name":"(anonymous_8)","decl":{"start":{"line":61,"column":73},"end":{"line":61,"column":74}},"loc":{"start":{"line":61,"column":79},"end":{"line":61,"column":146}},"line":61},"9":{"name":"(anonymous_9)","decl":{"start":{"line":64,"column":71},"end":{"line":64,"column":72}},"loc":{"start":{"line":64,"column":77},"end":{"line":64,"column":119}},"line":64}},"branchMap":{"0":{"loc":{"start":{"line":45,"column":9},"end":{"line":46,"column":33}},"type":"binary-expr","locations":[{"start":{"line":45,"column":9},"end":{"line":45,"column":36}},{"start":{"line":46,"column":13},"end":{"line":46,"column":33}}],"line":45},"1":{"loc":{"start":{"line":48,"column":9},"end":{"line":55,"column":11}},"type":"binary-expr","locations":[{"start":{"line":48,"column":9},"end":{"line":48,"column":35}},{"start":{"line":50,"column":12},"end":{"line":54,"column":14}}],"line":48},"2":{"loc":{"start":{"line":57,"column":9},"end":{"line":58,"column":70}},"type":"binary-expr","locations":[{"start":{"line":57,"column":9},"end":{"line":57,"column":39}},{"start":{"line":58,"column":13},"end":{"line":58,"column":70}}],"line":57},"3":{"loc":{"start":{"line":60,"column":9},"end":{"line":61,"column":178}},"type":"binary-expr","locations":[{"start":{"line":60,"column":9},"end":{"line":60,"column":37}},{"start":{"line":61,"column":13},"end":{"line":61,"column":178}}],"line":60},"4":{"loc":{"start":{"line":63,"column":9},"end":{"line":64,"column":151}},"type":"binary-expr","locations":[{"start":{"line":63,"column":9},"end":{"line":63,"column":36}},{"start":{"line":64,"column":13},"end":{"line":64,"column":151}}],"line":63}},"s":{"0":1,"1":1,"2":0,"3":0,"4":0,"5":0,"6":0,"7":0,"8":1,"9":0,"10":0,"11":0,"12":0,"13":0,"14":0},"f":{"0":1,"1":0,"2":0,"3":1,"4":0,"5":0,"6":0,"7":0,"8":0,"9":0},"b":{"0":[1,1],"1":[1,0],"2":[1,0],"3":[1,0],"4":[1,0]},"_coverageSchema":"1a1c01bbd47fc00a2c39e90264f33305004495a9","hash":"08c8a0a84e1e969dcbc1362d33bd514578e7b165"}
,"/Users/luis.fin/Desktop/The-New-York-Times-App/src/screens/index.js": {"path":"/Users/luis.fin/Desktop/The-New-York-Times-App/src/screens/index.js","statementMap":{},"fnMap":{},"branchMap":{},"s":{},"f":{},"b":{},"_coverageSchema":"1a1c01bbd47fc00a2c39e90264f33305004495a9","hash":"09de37167fc87bbe814bb0f6ee7c427b7c7b6208"}
}
